 Yearly Averaged GW/SW Rates for apex
 
 year:        2002
  -446.6102    
  -1234.588    
  0.0000000E+00
  -2612.545    
  -1761.230    
  -281.6646    
  -19710.94    
  -3803.747    
  -28664.71    
  -1866.146    
  -1984.450    
  -3333.433    
  -34478.48    
  -2238.918    
  -744.9691    
  -591.0829    
  -332.9696    
  -893.3951    
  -63387.21    
  -2869.915    
  -7736.340    
  -959.7562    
  -22199.75    
  -54744.42    
  -10519.47    
  -2022.424    
  -366.1721    
  -1844.801    
  -23812.41    
  -3860.354    
  -10212.07    
  -38164.73    
  -12661.82    
  -3615.770    
  -11869.02    
  -7046.378    
  -391.5471    
  -2014.901    
  -54089.10    
  -2.637946    
  -10538.38    
  -13487.04    
  -8530.646    
   203.3242    
  -793.1705    
  -181672.7    
  -21460.12    
  -250803.7    
  -2736.686    
  -8256.974    
  -250252.9    
  -67691.30    
  -5149.213    
  -1114.889    
  -201782.9    
  -70545.79    
  -24796.46    
  -72858.89    
  -20388.48    
  -17.96709    
  -9.038874    
  -11974.22    
  -11279.40    
  -144959.9    
  -15447.84    
  -1131.319    
  -99941.41    
  -39695.07    
  -4168.198    
  -9789.390    
  -156583.9    
  -51483.29    
  -5154.026    
  -191074.8    
  -359267.0    
 
