 Monthly Averaged GW/SW Rates for apex
 
 month:           1 year:        2002
  0.0000000E+00
  0.0000000E+00
  0.0000000E+00
  0.0000000E+00
  0.0000000E+00
  0.0000000E+00
  0.0000000E+00
  0.0000000E+00
  0.0000000E+00
  0.0000000E+00
  0.0000000E+00
  0.0000000E+00
  0.0000000E+00
  0.0000000E+00
  0.0000000E+00
  0.0000000E+00
  0.0000000E+00
  0.0000000E+00
  0.0000000E+00
  0.0000000E+00
  0.0000000E+00
  0.0000000E+00
  0.0000000E+00
  0.0000000E+00
  0.0000000E+00
  0.0000000E+00
  0.0000000E+00
  0.0000000E+00
  0.0000000E+00
  0.0000000E+00
  0.0000000E+00
  0.0000000E+00
  0.0000000E+00
  0.0000000E+00
  0.0000000E+00
  0.0000000E+00
  0.0000000E+00
  0.0000000E+00
  0.0000000E+00
  0.0000000E+00
  0.0000000E+00
  0.0000000E+00
  0.0000000E+00
   61.42664    
  -102.7539    
  0.0000000E+00
  0.0000000E+00
  0.0000000E+00
  -624.6347    
  0.0000000E+00
  0.0000000E+00
  -8920.205    
  -1381.847    
  -165.8771    
  -2118.742    
  -10348.45    
  -1652.317    
  -2681.341    
  -1140.822    
  0.0000000E+00
  0.0000000E+00
  -1031.976    
  -1622.058    
  -9684.027    
  -1009.568    
  -650.9632    
  -12076.53    
  -3254.274    
  -898.0441    
  -1053.922    
  -8526.026    
  -3244.912    
  -369.3651    
  -8150.436    
  -17407.24    
 
 month:           2 year:        2002
  0.0000000E+00
  0.0000000E+00
  0.0000000E+00
  0.0000000E+00
  0.0000000E+00
  0.0000000E+00
  0.0000000E+00
  0.0000000E+00
  0.0000000E+00
  0.0000000E+00
  0.0000000E+00
  0.0000000E+00
  0.0000000E+00
  0.0000000E+00
  0.0000000E+00
  0.0000000E+00
  0.0000000E+00
  0.0000000E+00
  0.0000000E+00
  0.0000000E+00
  0.0000000E+00
  0.0000000E+00
  0.0000000E+00
  0.0000000E+00
  0.0000000E+00
  0.0000000E+00
  0.0000000E+00
  0.0000000E+00
  0.0000000E+00
  0.0000000E+00
  0.0000000E+00
  0.0000000E+00
  0.0000000E+00
  0.0000000E+00
  0.0000000E+00
  0.0000000E+00
  0.0000000E+00
  0.0000000E+00
  0.0000000E+00
  0.0000000E+00
  0.0000000E+00
  0.0000000E+00
  0.0000000E+00
   58.99046    
  -112.0462    
  0.0000000E+00
  0.0000000E+00
  0.0000000E+00
  -680.5464    
  0.0000000E+00
  0.0000000E+00
  -9695.486    
  -1518.831    
  -184.1464    
  -2246.068    
  -10931.06    
  -1800.855    
  -2961.403    
  -1260.235    
  0.0000000E+00
  0.0000000E+00
  -1139.918    
  -1792.171    
  -10696.94    
  -1115.297    
  -720.1844    
  -13349.21    
  -3598.279    
  -992.1156    
  -1165.717    
  -9427.138    
  -3588.578    
  -408.3447    
  -9015.146    
  -19248.15    
 
 month:           3 year:        2002
  0.0000000E+00
  0.0000000E+00
  0.0000000E+00
  0.0000000E+00
  0.0000000E+00
  0.0000000E+00
  0.0000000E+00
  0.0000000E+00
  0.0000000E+00
  0.0000000E+00
  0.0000000E+00
  0.0000000E+00
  0.0000000E+00
  0.0000000E+00
  0.0000000E+00
  0.0000000E+00
  0.0000000E+00
  0.0000000E+00
  0.0000000E+00
  0.0000000E+00
  0.0000000E+00
  -213.0161    
  -529.9583    
  0.0000000E+00
  -6125.534    
  0.0000000E+00
  -363.9532    
  0.0000000E+00
  0.0000000E+00
  -1171.464    
  -6938.326    
  0.0000000E+00
  -4318.738    
  -1126.325    
  -1465.815    
  -2490.805    
  -61.47685    
  -2806.874    
  -37477.69    
 -0.4141850    
  -8740.665    
  -18447.87    
  -3762.013    
   31.11998    
  -320.4113    
  -60605.32    
  -6100.909    
  -53030.36    
  -1417.005    
  -6211.729    
  -58382.11    
  -27329.50    
  -2866.242    
  -469.6464    
  -63911.01    
  -44155.65    
  -9983.485    
  -13818.81    
  -5830.931    
  -7.281282    
  -3.663067    
  -8308.686    
  -9133.594    
  -48773.54    
  -5026.974    
  -3063.744    
  -57822.99    
  -14915.80    
  -3983.012    
  -4402.693    
  -36671.43    
  -13577.97    
  -1602.463    
  -35438.57    
  -70236.20    
 
 month:           4 year:        2002
  0.0000000E+00
  0.0000000E+00
  0.0000000E+00
  -30.88993    
  0.0000000E+00
  0.0000000E+00
  -35.25721    
  -679.5421    
  -632.6209    
  -4291.307    
  -4563.289    
  -5272.529    
  -45539.66    
  -3710.796    
  -1907.173    
  -1513.232    
  -1593.957    
  -4276.746    
  -57799.82    
  -3926.190    
  -29675.03    
  -7900.478    
  -53482.97    
  -144272.0    
  -72727.40    
  -7608.376    
  -4232.165    
  -17726.18    
  -113546.4    
  -10349.82    
  -72509.30    
  -279329.3    
  -60480.57    
  -15794.72    
  -113019.3    
  -41130.83    
  -141.8545    
  -27879.44    
  -348968.9    
 -0.9557084    
  -26334.31    
  -56036.51    
  -10617.96    
   128.7681    
  -318.2701    
  -185933.8    
  -19149.24    
  -165622.8    
  -965.5251    
  -20057.73    
  -188085.0    
  -27170.07    
  -2009.453    
  -450.5081    
  -205005.5    
  -71755.55    
  -36739.73    
  -62795.19    
  -26521.37    
  -17.88799    
  -8.999095    
  -30654.66    
  -38797.71    
  -221662.2    
  -22880.34    
  -13802.05    
  -260387.0    
  -67703.80    
  -18084.58    
  -19838.21    
  -165945.4    
  -61217.48    
  -7271.587    
  -160788.9    
  -315575.3    
 
 month:           5 year:        2002
  -500.1728    
  -549.1565    
  0.0000000E+00
  -1593.117    
  -783.4063    
  -315.4434    
  -13268.48    
  -8345.746    
  -38671.60    
  -10375.80    
  -11033.42    
  -8809.482    
  -80828.85    
  -7705.658    
  -260.2332    
  -206.4803    
  -839.0995    
  -2251.388    
  -163865.2    
  -12179.96    
  -16845.06    
  -2989.069    
  -125101.8    
  -19517.23    
  -41455.63    
  -936.0159    
  -127.2433    
  -4588.497    
  -28899.59    
  -13510.82    
  -26592.49    
  -62204.16    
  -82588.01    
  -20707.72    
  -9690.206    
  -20688.96    
  -354.5359    
  -20858.26    
  -202026.6    
  -2.388600    
  -35777.14    
  -41111.16    
  -11296.60    
   216.5755    
  -276.7248    
  -198041.2    
  -23456.15    
  -202250.0    
  -901.7923    
  -25094.37    
  -235069.3    
  -23590.87    
  -1747.273    
  -389.1445    
  -262538.8    
  -89642.10    
  -50214.68    
  -88025.74    
  -37248.41    
  -14.25114    
  -7.169465    
  -38581.99    
  -53257.73    
  -312728.7    
  -32383.06    
   483.5994    
  -168688.5    
  -75849.76    
  -26131.55    
  -28848.22    
  -240118.9    
  -89073.16    
  -10576.90    
  -233824.7    
  -462095.1    
 
 month:           6 year:        2002
  -664.7714    
  -3275.942    
  0.0000000E+00
  -1308.383    
  -4673.333    
  -419.2508    
  -78708.66    
  -8918.819    
  -48923.30    
  -7902.589    
  -8403.483    
  -26519.54    
  -290505.2    
  -15509.82    
  -56.14552    
  -44.54821    
  -872.0864    
  -2339.896    
  -420707.5    
  -12564.74    
  -13500.86    
  -873.1887    
  -69731.59    
  -4081.711    
  -11898.56    
  -125.7764    
  -2.416999    
  0.0000000E+00
  -6740.111    
  -4938.293    
  -8561.841    
  -4176.391    
  -4749.989    
  -5825.225    
  -620.1974    
  -20877.27    
  -166.5249    
   2470.844    
  -10767.88    
  -1.121920    
  -39201.29    
  -16511.06    
  -2510.267    
   331.6375    
  -348.4541    
  -229516.2    
  -29911.86    
  -258432.8    
  -1022.593    
  -31587.55    
  -296055.8    
  -29676.83    
  -1882.176    
  -481.5419    
  -326740.6    
  -111616.5    
  -62724.30    
  -109854.6    
  -46405.38    
  -14.25114    
  -7.169465    
  -27673.17    
  -34061.28    
  -376161.2    
  -27878.48    
   506.0884    
  -190708.3    
  -79170.92    
  -10086.52    
  -35167.93    
  -276612.9    
  -108551.7    
  -12849.79    
  -284090.4    
  -538197.6    
 
 month:           7 year:        2002
  -1597.885    
  -3542.156    
  0.0000000E+00
  -7861.671    
  -5053.106    
  -1007.737    
  -85052.07    
  -23040.31    
  -120383.1    
   16.61152    
   17.66435    
   10.22294    
  -11.15510    
  -11.61022    
  -2027.337    
  -1608.576    
  -793.1171    
  -2128.011    
  -98682.06    
  -5730.685    
  -18682.96    
   34.03260    
  -18973.33    
  -147716.5    
  -1802.292    
  -4723.584    
  -3.274644    
   3.244721    
  -41245.39    
  -5868.572    
  -4068.553    
  -29952.50    
   55.46137    
   25.04512    
  -4548.124    
   7.339366    
  -1288.031    
   624.6716    
  -25965.37    
  -8.677779    
  -25234.68    
  -48763.93    
  -25476.87    
   203.3744    
  -1605.029    
  -562299.2    
  -73401.56    
  -633132.8    
  -4941.166    
  -15083.85    
  -623129.1    
  -136993.9    
  -9182.086    
  -2227.459    
  -742297.1    
  -179053.1    
  -92435.78    
  -233313.3    
  -62902.55    
  -28.92740    
  -14.55280    
  -6843.188    
   202.2909    
  -743417.1    
  -38968.50    
   530.5365    
  -289596.5    
  -67004.18    
   1310.215    
  -24293.11    
  -494162.2    
  -169755.8    
  -28093.24    
  -657630.1    
  -988164.6    
 
 month:           8 year:        2002
  -985.2759    
  -3542.156    
  0.0000000E+00
  -4951.483    
  -5053.106    
  -621.3834    
  -46448.90    
  -4137.412    
  -59966.87    
   25.55615    
   27.17592    
   40.37344    
   7.444574    
  -10.09585    
  -1514.595    
  -1201.743    
   7.425672    
   19.92381    
  -14883.89    
   14.20646    
  -10451.03    
   32.23058    
   436.2237    
  -110430.8    
   442.2013    
  -3531.816    
  -2.339032    
   5.098846    
  -36623.55    
  -6327.894    
  -3466.471    
  -35090.04    
   57.30008    
   22.87357    
  -6427.847    
   8.958618    
  -1005.713    
   4818.910    
  -27670.94    
  -6.775741    
   305.3262    
  -19359.54    
  -19544.96    
   272.2164    
  -1090.357    
  -622305.4    
  -91348.39    
  -794062.6    
  -3266.899    
  -282.6970    
  -710760.3    
  -93077.45    
  -6082.493    
  -1508.530    
  -657731.2    
  -74720.28    
  -37506.77    
  -243836.6    
  -49462.04    
  -26.39156    
  -13.27707    
  -6033.088    
   413.5716    
  -98099.75    
  -36491.96    
   549.5012    
  -160613.9    
  -75455.08    
   1464.414    
  -627.0684    
  -362540.9    
  -132947.3    
  -134.1433    
  -516396.3    
  -972440.4    
 
 month:           9 year:        2002
  -1330.141    
  -3402.290    
  0.0000000E+00
  -6139.688    
  -4853.577    
  -838.8792    
  -11342.62    
   16.01749    
  -64859.77    
   85.16593    
   90.56372    
   159.8226    
   75.38680    
  -8.867519    
  -2280.886    
  -1809.754    
   33.79154    
   90.66598    
  -5669.796    
   15.06633    
  -2608.904    
   116.9984    
   550.3054    
  -166202.3    
   2613.698    
  -5314.268    
   63.28387    
   7.184739    
  -43982.31    
  -3692.695    
  -1353.941    
  -46121.88    
   346.6458    
   53.33948    
  -5704.817    
   98.86112    
  -1169.374    
   4916.452    
  -11568.07    
  -7.878367    
   2124.868    
   9894.476    
  -22763.24    
  -25.52646    
  -3465.978    
  -262486.3    
  -2901.397    
  -706434.9    
  -12517.81    
  -199.9846    
  -627723.8    
  -295633.0    
  -23115.60    
  -4873.147    
  -134782.4    
  -181335.4    
  -535.6422    
  -129309.2    
  -21488.71    
  -54.62939    
  -27.48295    
  -12680.68    
   637.3656    
   20432.43    
  -19272.01    
   573.2076    
  -58104.46    
  -80879.32    
   1712.652    
  -490.4414    
  -221835.9    
  -20294.76    
  -52.77919    
  -312044.6    
  -756842.0    
 
 month:          10 year:        2002
  -143.7344    
  -277.1147    
  0.0000000E+00
  -4378.011    
  -395.3216    
  -90.64890    
  -65.95251    
   8.564716    
  -4703.060    
   57.50135    
   61.14577    
   106.2826    
   35.15496    
  -12.11502    
  -720.5491    
  -571.7151    
   39.41314    
   105.7494    
  -233.5858    
   23.82916    
  -318.0338    
   133.3763    
   629.2010    
  -52412.36    
   3022.173    
  -1673.369    
   84.28429    
   1.854126    
  -10969.19    
  -145.8021    
   273.1201    
  -2813.781    
   371.9212    
   41.20034    
  -1512.253    
   54.41039    
  -285.3008    
   4864.392    
   5451.077    
  -1.922138    
   2223.927    
   9971.083    
  -4516.651    
   304.0418    
  -1135.463    
  -36140.65    
  -2746.565    
  -128928.9    
  -4024.971    
  -150.6796    
  -172607.8    
  -96899.19    
  -7443.649    
  -1596.233    
  -16394.10    
  -49750.40    
  -610.8019    
  -5348.708    
   3021.816    
  -26.98474    
  -13.57548    
  -5943.559    
   693.3334    
   25272.77    
   286.8839    
   597.8612    
  -1588.290    
  -10614.51    
   1881.432    
  -443.1148    
  -40291.50    
  -6058.156    
  -9.140027    
  -45094.52    
  -109778.1    
 
 month:          11 year:        2002
  -67.07602    
  -82.76067    
  0.0000000E+00
  -4377.553    
  -118.0633    
  -42.30282    
  -30.35636    
  0.5699197    
  -1993.051    
   15.18463    
   16.14703    
   12.13246    
  -6.184604    
  -2.608094    
  -56.14552    
  -44.54821    
   12.10003    
   32.46561    
  -46.01011    
   11.94221    
   32.70743    
   48.59512    
   441.6379    
  -3953.638    
   971.3328    
  -125.7764    
   68.02364    
  0.4789826    
  -940.1561    
  -18.93220    
   165.9277    
  -69.35828    
   66.95377    
   25.78227    
  -153.4812    
   46.36028    
  -65.37649    
   4840.847    
   5672.498    
 -0.4404570    
   2284.047    
   9965.006    
   58.54418    
   413.0622    
  -320.4071    
  -4077.734    
  -2711.552    
  -28478.23    
  -1088.520    
  -125.7044    
  -44414.69    
  -27280.53    
  -2005.383    
  -446.0690    
   7165.179    
  -8585.159    
  -574.5563    
   12266.00    
   3093.323    
  -12.91286    
  -6.496204    
  -2489.131    
   721.2237    
   25093.90    
   261.9127    
   606.5220    
   9424.504    
   657.1420    
   1925.106    
  -427.4297    
  -7876.261    
  -2544.460    
  -3.333423    
  -7540.331    
  -23275.71    
 
 month:          12 year:        2002
  -35.93358    
  -82.76067    
  0.0000000E+00
  -502.3227    
  -118.0633    
  -22.66223    
  -33.12782    
   1.612584    
  -1120.218    
   7.027945    
   7.473378    
   3.958728    
  -19.44691    
  -10.60064    
  -87.03024    
  -69.05350    
   6.997270    
   18.77435    
  -80.81200    
   14.54782    
  -515.7892    
   32.47633    
   440.7215    
  -6251.704    
   488.9021    
  -198.4709    
   72.03131    
   4.171784    
  -2754.295    
  -41.35745    
   159.7848    
  -239.1088    
   67.38956    
   18.01162    
  -460.5680    
   11.08020    
  -121.7601    
   4779.830    
   4674.362    
 -0.8203275    
   2297.307    
   9900.087    
  -1167.058    
   431.3664    
  -397.5737    
   364.7321    
  -2710.744    
  -20027.48    
  -1339.826    
  -101.6050    
  -27592.65    
  -33932.98    
  -2475.611    
  -554.0670    
   9316.212    
  -11825.76    
  -599.6863    
   12190.25    
   3020.335    
  -11.24570    
  -5.657486    
  -2087.759    
   710.7113    
   24797.45    
   233.2432    
   608.7657    
   9339.842    
   2741.286    
   1917.315    
  -421.7722    
  -2228.491    
  -1885.348    
  -4.032368    
  -5259.147    
  -11364.12    
 
