 Yearly Averaged Recharge Values from apex
 
 year:        2002
  0.0000000E+00
  0.0000000E+00
  0.0000000E+00
  0.0000000E+00
  0.0000000E+00
  0.0000000E+00
  0.0000000E+00
  0.0000000E+00
  0.0000000E+00
  6.0263861E-02
  0.0000000E+00
  4.9730994E-02
  0.0000000E+00
  0.0000000E+00
  0.0000000E+00
  0.0000000E+00
  0.0000000E+00
  0.0000000E+00
  0.0000000E+00
  0.0000000E+00
  5.9633870E-02
  2.3859858E-03
  8.2768116E-04
  0.0000000E+00
  5.9260849E-02
  0.0000000E+00
  0.0000000E+00
  0.0000000E+00
  0.0000000E+00
  4.8635919E-02
  0.0000000E+00
  0.0000000E+00
  1.4637830E-02
  0.0000000E+00
  0.0000000E+00
  0.0000000E+00
  0.0000000E+00
  0.0000000E+00
  2.6088374E-02
  0.0000000E+00
  1.0775351E-02
  0.0000000E+00
  1.5975848E-02
  0.0000000E+00
  1.7131168E-03
  4.2611644E-02
  0.0000000E+00
  1.3364357E-02
  0.0000000E+00
  2.9752683E-03
  0.0000000E+00
  0.0000000E+00
  0.0000000E+00
  0.0000000E+00
  0.0000000E+00
  0.0000000E+00
  1.4596841E-02
  1.6430881E-02
  2.4169769E-02
  0.0000000E+00
  1.0915258E-02
  1.5467536E-02
  1.1312583E-03
  0.0000000E+00
  0.0000000E+00
  3.9228495E-02
  0.0000000E+00
  0.0000000E+00
  0.0000000E+00
  0.0000000E+00
  1.8199107E-02
  0.0000000E+00
  0.0000000E+00
  0.0000000E+00
  1.0463918E-02
 
